//Users//raiuli//Documents//workspaceMars//AssociationRule//input//RTLtestWithOutLabels02.txt
=============  APRIORI - STATS =============
 Candidates count : 78
 The algorithm stopped at size 2, because there is no candidate
 Frequent itemsets count : 12
 Maximum memory usage : 3.8402023315429688 mb
 Total time ~ 42 ms
===================================================
 ------- FREQUENT ITEMSETS -------
  L0 
  L1 
  pattern 0:  1 support :  9
  pattern 1:  2 support :  12
  pattern 2:  5 support :  8
  pattern 3:  25 support :  10
  pattern 4:  26 support :  26
  pattern 5:  27 support :  18
  pattern 6:  28 support :  29
  pattern 7:  29 support :  27
  pattern 8:  30 support :  56
  pattern 9:  31 support :  115
  pattern 10:  32 support :  84
  pattern 11:  33 support :  24
 --------------------------------
T[3, 26] contains[ 26]fpofArray:(39)
T[17, 28] contains[ 28]fpofArray:(43)
T[70, 30] contains[ 30]fpofArray:(84)
T[267, 31] contains[ 31]fpofArray:(172)
T[240, 31] contains[ 31]fpofArray:(172)
T[624, 31] contains[ 31]fpofArray:(172)
T[856, 31] contains[ 31]fpofArray:(172)
T[139, 31] contains[ 31]fpofArray:(172)
T[577, 30] contains[ 30]fpofArray:(84)
T[104, 32] contains[ 32]fpofArray:(126)
T[84, 29] contains[ 29]fpofArray:(40)
T[44, 27] contains[ 27]fpofArray:(27)
T[2, 31] contains[ 2]fpofArray:(18)
T[2, 31] contains[ 31]fpofArray:(190)
T[102, 32] contains[ 32]fpofArray:(126)
T[175, 32] contains[ 32]fpofArray:(126)
T[1676, 31] contains[ 31]fpofArray:(172)
T[997, 31] contains[ 31]fpofArray:(172)
T[669, 30] contains[ 30]fpofArray:(84)
T[179, 32] contains[ 32]fpofArray:(126)
T[187, 31] contains[ 31]fpofArray:(172)
T[93, 28] contains[ 28]fpofArray:(43)
T[70, 30] contains[ 30]fpofArray:(84)
T[181, 31] contains[ 31]fpofArray:(172)
T[139, 32] contains[ 32]fpofArray:(126)
T[458, 31] contains[ 31]fpofArray:(172)
T[670, 31] contains[ 31]fpofArray:(172)
T[747, 31] contains[ 31]fpofArray:(172)
T[295, 32] contains[ 32]fpofArray:(126)
T[488, 31] contains[ 31]fpofArray:(172)
T[7, 27] contains[ 27]fpofArray:(27)
T[73, 31] contains[ 31]fpofArray:(172)
T[236, 32] contains[ 32]fpofArray:(126)
T[204, 32] contains[ 32]fpofArray:(126)
T[687, 31] contains[ 31]fpofArray:(172)
T[491, 31] contains[ 31]fpofArray:(172)
T[401, 31] contains[ 31]fpofArray:(172)
T[146, 31] contains[ 31]fpofArray:(172)
T[307, 31] contains[ 31]fpofArray:(172)
T[152, 29] contains[ 29]fpofArray:(40)
T[5, 29] contains[ 5]fpofArray:(12)
T[5, 29] contains[ 29]fpofArray:(52)
T[57, 31] contains[ 31]fpofArray:(172)
T[508, 32] contains[ 32]fpofArray:(126)
T[527, 32] contains[ 32]fpofArray:(126)
T[764, 32] contains[ 32]fpofArray:(126)
T[524, 30] contains[ 30]fpofArray:(84)
T[622, 31] contains[ 31]fpofArray:(172)
T[315, 31] contains[ 31]fpofArray:(172)
T[17, 31] contains[ 31]fpofArray:(172)
T[7, 29] contains[ 29]fpofArray:(40)
T[14, 28] contains[ 28]fpofArray:(43)
T[26, 25] contains[ 25]fpofArray:(15)
T[26, 25] contains[ 26]fpofArray:(54)
T[5, 29] contains[ 5]fpofArray:(12)
T[5, 29] contains[ 29]fpofArray:(52)
T[236, 31] contains[ 31]fpofArray:(172)
T[1270, 33] contains[ 33]fpofArray:(36)
T[488, 33] contains[ 33]fpofArray:(36)
T[1120, 30] contains[ 30]fpofArray:(84)
T[162, 31] contains[ 31]fpofArray:(172)
T[306, 31] contains[ 31]fpofArray:(172)
T[10, 30] contains[ 30]fpofArray:(84)
T[254, 26] contains[ 26]fpofArray:(39)
T[37, 26] contains[ 26]fpofArray:(39)
T[356, 28] contains[ 28]fpofArray:(43)
T[482, 30] contains[ 30]fpofArray:(84)
T[1274, 32] contains[ 32]fpofArray:(126)
T[410, 32] contains[ 32]fpofArray:(126)
T[208, 32] contains[ 32]fpofArray:(126)
T[174, 29] contains[ 29]fpofArray:(40)
T[226, 30] contains[ 30]fpofArray:(84)
T[1, 32] contains[ 1]fpofArray:(13)
T[1, 32] contains[ 32]fpofArray:(139)
T[33, 26] contains[ 26]fpofArray:(39)
T[33, 26] contains[ 33]fpofArray:(75)
T[83, 26] contains[ 26]fpofArray:(39)
T[505, 28] contains[ 28]fpofArray:(43)
T[688, 31] contains[ 31]fpofArray:(172)
T[318, 33] contains[ 33]fpofArray:(36)
T[728, 31] contains[ 31]fpofArray:(172)
T[513, 30] contains[ 30]fpofArray:(84)
T[147, 31] contains[ 31]fpofArray:(172)
T[116, 31] contains[ 31]fpofArray:(172)
T[35, 30] contains[ 30]fpofArray:(84)
T[6, 31] contains[ 31]fpofArray:(172)
T[175, 25] contains[ 25]fpofArray:(15)
T[257, 27] contains[ 27]fpofArray:(27)
T[560, 31] contains[ 31]fpofArray:(172)
T[289, 33] contains[ 33]fpofArray:(36)
T[287, 33] contains[ 33]fpofArray:(36)
T[170, 31] contains[ 31]fpofArray:(172)
T[1, 31] contains[ 1]fpofArray:(13)
T[1, 31] contains[ 31]fpofArray:(185)
T[6, 30] contains[ 30]fpofArray:(84)
T[4, 31] contains[ 31]fpofArray:(172)
T[38, 27] contains[ 27]fpofArray:(27)
T[158, 27] contains[ 27]fpofArray:(27)
T[234, 28] contains[ 28]fpofArray:(43)
T[265, 32] contains[ 32]fpofArray:(126)
T[455, 32] contains[ 32]fpofArray:(126)
T[503, 32] contains[ 32]fpofArray:(126)
T[153, 32] contains[ 32]fpofArray:(126)
T[1, 31] contains[ 1]fpofArray:(13)
T[1, 31] contains[ 31]fpofArray:(185)
T[24, 32] contains[ 32]fpofArray:(126)
T[52, 31] contains[ 31]fpofArray:(172)
T[337, 29] contains[ 29]fpofArray:(40)
T[3, 26] contains[ 26]fpofArray:(39)
T[200, 26] contains[ 26]fpofArray:(39)
T[519, 26] contains[ 26]fpofArray:(39)
T[553, 29] contains[ 29]fpofArray:(40)
T[696, 32] contains[ 32]fpofArray:(126)
T[289, 32] contains[ 32]fpofArray:(126)
T[323, 31] contains[ 31]fpofArray:(172)
T[17, 30] contains[ 30]fpofArray:(84)
T[24, 28] contains[ 28]fpofArray:(43)
T[170, 26] contains[ 26]fpofArray:(39)
T[434, 29] contains[ 29]fpofArray:(40)
T[811, 30] contains[ 30]fpofArray:(84)
T[352, 33] contains[ 33]fpofArray:(36)
T[177, 33] contains[ 33]fpofArray:(36)
T[199, 32] contains[ 32]fpofArray:(126)
T[2, 31] contains[ 2]fpofArray:(18)
T[2, 31] contains[ 31]fpofArray:(190)
T[5, 31] contains[ 5]fpofArray:(12)
T[5, 31] contains[ 31]fpofArray:(184)
T[15, 29] contains[ 29]fpofArray:(40)
T[35, 27] contains[ 27]fpofArray:(27)
T[134, 26] contains[ 26]fpofArray:(39)
T[948, 27] contains[ 27]fpofArray:(27)
T[1171, 30] contains[ 30]fpofArray:(84)
T[900, 33] contains[ 33]fpofArray:(36)
T[160, 33] contains[ 33]fpofArray:(36)
T[332, 31] contains[ 31]fpofArray:(172)
T[2, 29] contains[ 2]fpofArray:(18)
T[2, 29] contains[ 29]fpofArray:(58)
T[6, 31] contains[ 31]fpofArray:(172)
T[42, 31] contains[ 31]fpofArray:(172)
T[257, 28] contains[ 28]fpofArray:(43)
T[205, 25] contains[ 25]fpofArray:(15)
T[714, 28] contains[ 28]fpofArray:(43)
T[511, 32] contains[ 32]fpofArray:(126)
T[279, 32] contains[ 32]fpofArray:(126)
T[230, 32] contains[ 32]fpofArray:(126)
T[278, 30] contains[ 30]fpofArray:(84)
T[30, 29] contains[ 29]fpofArray:(40)
T[30, 29] contains[ 30]fpofArray:(124)
T[60, 26] contains[ 26]fpofArray:(39)
T[970, 32] contains[ 32]fpofArray:(126)
T[256, 31] contains[ 31]fpofArray:(172)
T[113, 33] contains[ 33]fpofArray:(36)
T[225, 30] contains[ 30]fpofArray:(84)
T[3, 32] contains[ 32]fpofArray:(126)
T[3, 31] contains[ 31]fpofArray:(172)
T[198, 27] contains[ 27]fpofArray:(27)
T[195, 26] contains[ 26]fpofArray:(39)
T[419, 29] contains[ 29]fpofArray:(40)
T[1077, 32] contains[ 32]fpofArray:(126)
T[266, 33] contains[ 33]fpofArray:(36)
T[268, 32] contains[ 32]fpofArray:(126)
T[19, 30] contains[ 30]fpofArray:(84)
T[71, 31] contains[ 31]fpofArray:(172)
T[31, 30] contains[ 30]fpofArray:(84)
T[31, 30] contains[ 31]fpofArray:(256)
T[5, 27] contains[ 5]fpofArray:(12)
T[5, 27] contains[ 27]fpofArray:(39)
T[190, 27] contains[ 27]fpofArray:(27)
T[614, 27] contains[ 27]fpofArray:(27)
T[971, 30] contains[ 30]fpofArray:(84)
T[625, 32] contains[ 32]fpofArray:(126)
T[223, 33] contains[ 33]fpofArray:(36)
T[152, 31] contains[ 31]fpofArray:(172)
T[28, 30] contains[ 28]fpofArray:(43)
T[28, 30] contains[ 30]fpofArray:(127)
T[531, 30] contains[ 30]fpofArray:(84)
T[606, 33] contains[ 33]fpofArray:(36)
T[403, 30] contains[ 30]fpofArray:(84)
T[100, 31] contains[ 31]fpofArray:(172)
T[16, 31] contains[ 31]fpofArray:(172)
T[29, 25] contains[ 25]fpofArray:(15)
T[29, 25] contains[ 29]fpofArray:(55)
T[127, 26] contains[ 26]fpofArray:(39)
T[91, 28] contains[ 28]fpofArray:(43)
T[222, 30] contains[ 30]fpofArray:(84)
T[308, 32] contains[ 32]fpofArray:(126)
T[554, 33] contains[ 33]fpofArray:(36)
T[218, 31] contains[ 31]fpofArray:(172)
T[7, 30] contains[ 30]fpofArray:(84)
T[11, 28] contains[ 28]fpofArray:(43)
T[10, 25] contains[ 25]fpofArray:(15)
T[363, 27] contains[ 27]fpofArray:(27)
T[585, 31] contains[ 31]fpofArray:(172)
T[1095, 32] contains[ 32]fpofArray:(126)
T[363, 32] contains[ 32]fpofArray:(126)
T[101, 30] contains[ 30]fpofArray:(84)
T[90, 31] contains[ 31]fpofArray:(172)
T[21, 31] contains[ 31]fpofArray:(172)
T[120, 25] contains[ 25]fpofArray:(15)
T[251, 29] contains[ 29]fpofArray:(40)
T[677, 32] contains[ 32]fpofArray:(126)
T[715, 31] contains[ 31]fpofArray:(172)
T[257, 31] contains[ 31]fpofArray:(172)
T[30, 30] contains[ 30]fpofArray:(84)
T[33, 32] contains[ 32]fpofArray:(126)
T[33, 32] contains[ 33]fpofArray:(162)
T[1, 29] contains[ 1]fpofArray:(13)
T[1, 29] contains[ 29]fpofArray:(53)
T[20, 27] contains[ 27]fpofArray:(27)
T[2, 28] contains[ 2]fpofArray:(18)
T[2, 28] contains[ 28]fpofArray:(61)
T[40, 28] contains[ 28]fpofArray:(43)
T[158, 31] contains[ 31]fpofArray:(172)
T[313, 33] contains[ 33]fpofArray:(36)
T[1041, 32] contains[ 32]fpofArray:(126)
T[405, 31] contains[ 31]fpofArray:(172)
T[317, 30] contains[ 30]fpofArray:(84)
T[380, 31] contains[ 31]fpofArray:(172)
T[151, 31] contains[ 31]fpofArray:(172)
T[63, 30] contains[ 30]fpofArray:(84)
T[853, 31] contains[ 31]fpofArray:(172)
T[949, 32] contains[ 32]fpofArray:(126)
T[707, 30] contains[ 30]fpofArray:(84)
T[184, 29] contains[ 29]fpofArray:(40)
T[59, 29] contains[ 29]fpofArray:(40)
T[2, 26] contains[ 2]fpofArray:(18)
T[2, 26] contains[ 26]fpofArray:(57)
T[87, 31] contains[ 31]fpofArray:(172)
T[457, 32] contains[ 32]fpofArray:(126)
T[372, 32] contains[ 32]fpofArray:(126)
T[565, 30] contains[ 30]fpofArray:(84)
T[88, 31] contains[ 31]fpofArray:(172)
T[5, 28] contains[ 5]fpofArray:(12)
T[5, 28] contains[ 28]fpofArray:(55)
T[8, 29] contains[ 29]fpofArray:(40)
T[14, 32] contains[ 32]fpofArray:(126)
T[142, 32] contains[ 32]fpofArray:(126)
T[457, 32] contains[ 32]fpofArray:(126)
T[407, 32] contains[ 32]fpofArray:(126)
T[407, 32] contains[ 32]fpofArray:(126)
T[276, 31] contains[ 31]fpofArray:(172)
T[551, 31] contains[ 31]fpofArray:(172)
T[225, 31] contains[ 31]fpofArray:(172)
T[259, 28] contains[ 28]fpofArray:(43)
T[40, 25] contains[ 25]fpofArray:(15)
T[7, 26] contains[ 26]fpofArray:(39)
T[158, 30] contains[ 30]fpofArray:(84)
T[80, 31] contains[ 31]fpofArray:(172)
T[323, 32] contains[ 32]fpofArray:(126)
T[958, 30] contains[ 30]fpofArray:(84)
T[943, 29] contains[ 29]fpofArray:(40)
T[347, 31] contains[ 31]fpofArray:(172)
T[308, 32] contains[ 32]fpofArray:(126)
T[63, 30] contains[ 30]fpofArray:(84)
T[5, 28] contains[ 5]fpofArray:(12)
T[5, 28] contains[ 28]fpofArray:(55)
T[65, 32] contains[ 32]fpofArray:(126)
T[251, 32] contains[ 32]fpofArray:(126)
T[389, 32] contains[ 32]fpofArray:(126)
T[906, 30] contains[ 30]fpofArray:(84)
T[294, 31] contains[ 31]fpofArray:(172)
T[312, 31] contains[ 31]fpofArray:(172)
T[231, 31] contains[ 31]fpofArray:(172)
T[145, 28] contains[ 28]fpofArray:(43)
T[6, 28] contains[ 28]fpofArray:(43)
T[2, 31] contains[ 2]fpofArray:(18)
T[2, 31] contains[ 31]fpofArray:(190)
T[50, 33] contains[ 33]fpofArray:(36)
T[1041, 31] contains[ 31]fpofArray:(172)
T[377, 31] contains[ 31]fpofArray:(172)
T[96, 32] contains[ 32]fpofArray:(126)
T[251, 30] contains[ 30]fpofArray:(84)
T[10, 26] contains[ 26]fpofArray:(39)
T[71, 28] contains[ 28]fpofArray:(43)
T[381, 31] contains[ 31]fpofArray:(172)
T[192, 32] contains[ 32]fpofArray:(126)
T[1, 28] contains[ 1]fpofArray:(13)
T[1, 28] contains[ 28]fpofArray:(56)
T[2, 28] contains[ 2]fpofArray:(18)
T[2, 28] contains[ 28]fpofArray:(61)
T[1, 31] contains[ 1]fpofArray:(13)
T[1, 31] contains[ 31]fpofArray:(185)
T[43, 32] contains[ 32]fpofArray:(126)
T[213, 33] contains[ 33]fpofArray:(36)
T[653, 31] contains[ 31]fpofArray:(172)
T[446, 31] contains[ 31]fpofArray:(172)
T[920, 30] contains[ 30]fpofArray:(84)
T[425, 31] contains[ 31]fpofArray:(172)
T[59, 31] contains[ 31]fpofArray:(172)
T[52, 31] contains[ 31]fpofArray:(172)
T[36, 26] contains[ 26]fpofArray:(39)
T[28, 27] contains[ 27]fpofArray:(27)
T[28, 27] contains[ 28]fpofArray:(70)
T[52, 30] contains[ 30]fpofArray:(84)
T[46, 33] contains[ 33]fpofArray:(36)
T[456, 32] contains[ 32]fpofArray:(126)
T[517, 31] contains[ 31]fpofArray:(172)
T[627, 31] contains[ 31]fpofArray:(172)
T[702, 31] contains[ 31]fpofArray:(172)
T[229, 32] contains[ 32]fpofArray:(126)
T[275, 30] contains[ 30]fpofArray:(84)
T[25, 26] contains[ 25]fpofArray:(15)
T[25, 26] contains[ 26]fpofArray:(54)
T[2, 28] contains[ 2]fpofArray:(18)
T[2, 28] contains[ 28]fpofArray:(61)
T[129, 30] contains[ 30]fpofArray:(84)
T[279, 30] contains[ 30]fpofArray:(84)
T[362, 31] contains[ 31]fpofArray:(172)
T[821, 30] contains[ 30]fpofArray:(84)
T[343, 31] contains[ 31]fpofArray:(172)
T[150, 31] contains[ 31]fpofArray:(172)
T[20, 32] contains[ 32]fpofArray:(126)
T[1, 30] contains[ 1]fpofArray:(13)
T[1, 30] contains[ 30]fpofArray:(97)
T[7, 30] contains[ 30]fpofArray:(84)
T[26, 31] contains[ 26]fpofArray:(39)
T[26, 31] contains[ 31]fpofArray:(211)
T[143, 33] contains[ 33]fpofArray:(36)
T[44, 31] contains[ 31]fpofArray:(172)
T[746, 31] contains[ 31]fpofArray:(172)
T[472, 30] contains[ 30]fpofArray:(84)
T[883, 31] contains[ 31]fpofArray:(172)
T[387, 31] contains[ 31]fpofArray:(172)
T[5, 29] contains[ 5]fpofArray:(12)
T[5, 29] contains[ 29]fpofArray:(52)
T[43, 26] contains[ 26]fpofArray:(39)
T[5, 26] contains[ 5]fpofArray:(12)
T[5, 26] contains[ 26]fpofArray:(51)
T[44, 29] contains[ 29]fpofArray:(40)
T[93, 31] contains[ 31]fpofArray:(172)
T[219, 32] contains[ 32]fpofArray:(126)
T[219, 32] contains[ 32]fpofArray:(126)
T[621, 31] contains[ 31]fpofArray:(172)
T[818, 31] contains[ 31]fpofArray:(172)
T[1457, 32] contains[ 32]fpofArray:(126)
T[162, 31] contains[ 31]fpofArray:(172)
T[390, 29] contains[ 29]fpofArray:(40)
T[57, 26] contains[ 26]fpofArray:(39)
T[52, 26] contains[ 26]fpofArray:(39)
T[1, 28] contains[ 1]fpofArray:(13)
T[1, 28] contains[ 28]fpofArray:(56)
T[125, 32] contains[ 32]fpofArray:(126)
T[428, 31] contains[ 31]fpofArray:(172)
T[595, 31] contains[ 31]fpofArray:(172)
T[802, 31] contains[ 31]fpofArray:(172)
T[326, 32] contains[ 32]fpofArray:(126)
T[175, 32] contains[ 32]fpofArray:(126)
T[122, 30] contains[ 30]fpofArray:(84)
T[2, 26] contains[ 2]fpofArray:(18)
T[2, 26] contains[ 26]fpofArray:(57)
T[17, 28] contains[ 28]fpofArray:(43)
T[6, 30] contains[ 30]fpofArray:(84)
T[88, 32] contains[ 32]fpofArray:(126)
T[143, 32] contains[ 32]fpofArray:(126)
T[511, 32] contains[ 32]fpofArray:(126)
T[517, 30] contains[ 30]fpofArray:(84)
T[1031, 31] contains[ 31]fpofArray:(172)
T[469, 32] contains[ 32]fpofArray:(126)
T[143, 32] contains[ 32]fpofArray:(126)
T[47, 29] contains[ 29]fpofArray:(40)
T[198, 28] contains[ 28]fpofArray:(43)
T[2, 26] contains[ 2]fpofArray:(18)
T[2, 26] contains[ 26]fpofArray:(57)
T[2, 29] contains[ 2]fpofArray:(18)
T[2, 29] contains[ 29]fpofArray:(58)
T[145, 33] contains[ 33]fpofArray:(36)
T[177, 32] contains[ 32]fpofArray:(126)
T[820, 31] contains[ 31]fpofArray:(172)
T[894, 32] contains[ 32]fpofArray:(126)
T[311, 31] contains[ 31]fpofArray:(172)
T[139, 31] contains[ 31]fpofArray:(172)
T[200, 30] contains[ 30]fpofArray:(84)
T[122, 28] contains[ 28]fpofArray:(43)
T[3, 29] contains[ 29]fpofArray:(40)
T[20, 30] contains[ 30]fpofArray:(84)
T[80, 31] contains[ 31]fpofArray:(172)
T[287, 33] contains[ 33]fpofArray:(36)
T[63, 32] contains[ 32]fpofArray:(126)
T[1206, 31] contains[ 31]fpofArray:(172)
T[673, 32] contains[ 32]fpofArray:(126)
T[429, 32] contains[ 32]fpofArray:(126)
T[35, 31] contains[ 31]fpofArray:(172)
T[49, 27] contains[ 27]fpofArray:(27)
T[17, 27] contains[ 27]fpofArray:(27)
T[11, 31] contains[ 31]fpofArray:(172)
T[35, 32] contains[ 32]fpofArray:(126)
T[182, 32] contains[ 32]fpofArray:(126)
T[433, 31] contains[ 31]fpofArray:(172)
T[643, 32] contains[ 32]fpofArray:(126)
T[632, 31] contains[ 31]fpofArray:(172)
T[413, 32] contains[ 32]fpofArray:(126)
T[329, 32] contains[ 32]fpofArray:(126)
T[342, 31] contains[ 31]fpofArray:(172)
T[72, 28] contains[ 28]fpofArray:(43)
T[1, 25] contains[ 1]fpofArray:(13)
T[1, 25] contains[ 25]fpofArray:(28)
T[2, 31] contains[ 2]fpofArray:(18)
T[2, 31] contains[ 31]fpofArray:(190)
T[220, 33] contains[ 33]fpofArray:(36)
T[82, 32] contains[ 32]fpofArray:(126)
T[277, 31] contains[ 31]fpofArray:(172)
T[1173, 32] contains[ 32]fpofArray:(126)
T[66, 32] contains[ 32]fpofArray:(126)
T[360, 30] contains[ 30]fpofArray:(84)
T[404, 30] contains[ 30]fpofArray:(84)
T[14, 27] contains[ 27]fpofArray:(27)
T[39, 29] contains[ 29]fpofArray:(40)
T[53, 31] contains[ 31]fpofArray:(172)
T[250, 32] contains[ 32]fpofArray:(126)
T[205, 32] contains[ 32]fpofArray:(126)
T[668, 30] contains[ 30]fpofArray:(84)
T[1038, 32] contains[ 32]fpofArray:(126)
T[115, 32] contains[ 32]fpofArray:(126)
T[141, 31] contains[ 31]fpofArray:(172)
T[233, 30] contains[ 30]fpofArray:(84)
T[74, 27] contains[ 27]fpofArray:(27)
T[36, 25] contains[ 25]fpofArray:(15)
TransactionFPOFList.size():379

TransactionFPOF [id=129 transaction=([57, 24]), fpof=0]

TransactionFPOF [id=80 transaction=([175, 25]), fpof=15]

TransactionFPOF [id=130 transaction=([205, 25]), fpof=15]

TransactionFPOF [id=175 transaction=([10, 25]), fpof=15]

TransactionFPOF [id=183 transaction=([120, 25]), fpof=15]

TransactionFPOF [id=224 transaction=([40, 25]), fpof=15]

TransactionFPOF [id=378 transaction=([36, 25]), fpof=15]

TransactionFPOF [id=11 transaction=([44, 27]), fpof=27]

TransactionFPOF [id=29 transaction=([7, 27]), fpof=27]

TransactionFPOF [id=81 transaction=([257, 27]), fpof=27]

TransactionFPOF [id=89 transaction=([38, 27]), fpof=27]

TransactionFPOF [id=90 transaction=([158, 27]), fpof=27]

TransactionFPOF [id=118 transaction=([35, 27]), fpof=27]

TransactionFPOF [id=120 transaction=([948, 27]), fpof=27]

TransactionFPOF [id=144 transaction=([198, 27]), fpof=27]

TransactionFPOF [id=154 transaction=([190, 27]), fpof=27]

TransactionFPOF [id=155 transaction=([614, 27]), fpof=27]

TransactionFPOF [id=176 transaction=([363, 27]), fpof=27]

TransactionFPOF [id=191 transaction=([20, 27]), fpof=27]

TransactionFPOF [id=346 transaction=([49, 27]), fpof=27]

